<?xml version="1.0" encoding="UTF-8"?>
<testsuite xmlns:xsi="http://www.w3.org/2001/XMLSchema-instance" xsi:noNamespaceSchemaLocation="https://maven.apache.org/surefire/maven-surefire-plugin/xsd/surefire-test-report.xsd" name="ExamplesTest" time="2.722" tests="1" errors="0" skipped="0" failures="1">
  <properties>
[...]
</properties>
  <testcase name="testSample[1][1]" classname="ExamplesTest" time="1.577">
    <failure message="driver config / start failed: webdriver session create status 500, {&quot;status&quot;:13,&quot;value&quot;:{&quot;message&quot;:&quot;An unknown server-side error occurred while processing the command. Original error: Cannot verify the signature of &apos;/home/yabesh/.npm-packages/lib/node_modules/appium/node_modules/appium-uiautomator2-server/apks/appium-uiautomator2-server-v4.27.0.apk&apos;. Original error: Could not find &apos;apksigner.jar&apos; in [\&quot;/usr/local/android-studio/platform-tools/apksigner.jar\&quot;,\&quot;/usr/local/android-studio/emulator/apksigner.jar\&quot;,\&quot;/usr/local/android-studio/cmdline-tools/latest/bin/apksigner.jar\&quot;,\&quot;/usr/local/android-studio/tools/apksigner.jar\&quot;,\&quot;/usr/local/android-studio/tools/bin/apksigner.jar\&quot;,\&quot;/usr/local/android-studio/apksigner.jar\&quot;]. Do you have Android Build Tools installed at &apos;/usr/local/android-studio&apos;?&quot;},&quot;sessionId&quot;:null}, options: {type=android, webDriverPath=/wd/hub, start=false, httpConfig={readTimeout=120000}, target=null, webDriverSession={desiredCapabilities={app=/home/yabesh/Downloads/UiDemo.apk, newCommandTimeout=300, platformVersion=9.0, platformName=Android, connectHardwareKeyboard=true, deviceName=emulator-554, avd=Nexus_4_API_22, automationName=UiAutomator2}}}&#10;classpath:test/test_features/android/android.feature:28" type="org.opentest4j.AssertionFailedError">org.opentest4j.AssertionFailedError: 
driver config / start failed: webdriver session create status 500, {"status":13,"value":{"message":"An unknown server-side error occurred while processing the command. Original error: Cannot verify the signature of '/home/yabesh/.npm-packages/lib/node_modules/appium/node_modules/appium-uiautomator2-server/apks/appium-uiautomator2-server-v4.27.0.apk'. Original error: Could not find 'apksigner.jar' in [\"/usr/local/android-studio/platform-tools/apksigner.jar\",\"/usr/local/android-studio/emulator/apksigner.jar\",\"/usr/local/android-studio/cmdline-tools/latest/bin/apksigner.jar\",\"/usr/local/android-studio/tools/apksigner.jar\",\"/usr/local/android-studio/tools/bin/apksigner.jar\",\"/usr/local/android-studio/apksigner.jar\"]. Do you have Android Build Tools installed at '/usr/local/android-studio'?"},"sessionId":null}, options: {type=android, webDriverPath=/wd/hub, start=false, httpConfig={readTimeout=120000}, target=null, webDriverSession={desiredCapabilities={app=/home/yabesh/Downloads/UiDemo.apk, newCommandTimeout=300, platformVersion=9.0, platformName=Android, connectHardwareKeyboard=true, deviceName=emulator-554, avd=Nexus_4_API_22, automationName=UiAutomator2}}}
classpath:test/test_features/android/android.feature:28
</failure>
    <system-out><![CDATA[14:06:09.458 [main] INFO  com.intuit.karate.Runner - using system property 'karate.options': --tags @android_sample_test
14:06:10.511 [main] DEBUG com.intuit.karate - request:
1 > POST http://localhost:4723/wd/hub/session
1 > Content-Type: application/json; charset=UTF-8
1 > Content-Length: 258
1 > Host: localhost:4723
1 > Connection: Keep-Alive
1 > User-Agent: Apache-HttpClient/4.5.13 (Java/13.0.1)
1 > Accept-Encoding: gzip,deflate
{"desiredCapabilities":{"app":"\/home\/yabesh\/Downloads\/UiDemo.apk","newCommandTimeout":300,"platformVersion":"9.0","platformName":"Android","connectHardwareKeyboard":true,"deviceName":"emulator-554","avd":"Nexus_4_API_22","automationName":"UiAutomator2"}}

14:06:11.354 [main] DEBUG com.intuit.karate - response time in milliseconds: 841
1 < 500
1 < X-Powered-By: Express
1 < Vary: X-HTTP-Method-Override
1 < Content-Type: application/json; charset=utf-8
1 < Content-Length: 761
1 < ETag: W/"2f9-d/7rIXDbY3TETeU36qBIglGOcRk"
1 < Date: Thu, 13 Oct 2022 08:36:11 GMT
1 < Connection: keep-alive
1 < Keep-Alive: timeout=600
{"status":13,"value":{"message":"An unknown server-side error occurred while processing the command. Original error: Cannot verify the signature of '/home/yabesh/.npm-packages/lib/node_modules/appium/node_modules/appium-uiautomator2-server/apks/appium-uiautomator2-server-v4.27.0.apk'. Original error: Could not find 'apksigner.jar' in [\"/usr/local/android-studio/platform-tools/apksigner.jar\",\"/usr/local/android-studio/emulator/apksigner.jar\",\"/usr/local/android-studio/cmdline-tools/latest/bin/apksigner.jar\",\"/usr/local/android-studio/tools/apksigner.jar\",\"/usr/local/android-studio/tools/bin/apksigner.jar\",\"/usr/local/android-studio/apksigner.jar\"]. Do you have Android Build Tools installed at '/usr/local/android-studio'?"},"sessionId":null}

14:06:11.356 [main] WARN  com.intuit.karate - http response code: 500, response: {"status":13,"value":{"message":"An unknown server-side error occurred while processing the command. Original error: Cannot verify the signature of '/home/yabesh/.npm-packages/lib/node_modules/appium/node_modules/appium-uiautomator2-server/apks/appium-uiautomator2-server-v4.27.0.apk'. Original error: Could not find 'apksigner.jar' in [\"/usr/local/android-studio/platform-tools/apksigner.jar\",\"/usr/local/android-studio/emulator/apksigner.jar\",\"/usr/local/android-studio/cmdline-tools/latest/bin/apksigner.jar\",\"/usr/local/android-studio/tools/apksigner.jar\",\"/usr/local/android-studio/tools/bin/apksigner.jar\",\"/usr/local/android-studio/apksigner.jar\"]. Do you have Android Build Tools installed at '/usr/local/android-studio'?"},"sessionId":null}, request: POST http://localhost:4723/wd/hub/session
14:06:11.356 [main] ERROR c.i.k.d.appium.android_1665650170350 - webdriver session create status 500, {"status":13,"value":{"message":"An unknown server-side error occurred while processing the command. Original error: Cannot verify the signature of '/home/yabesh/.npm-packages/lib/node_modules/appium/node_modules/appium-uiautomator2-server/apks/appium-uiautomator2-server-v4.27.0.apk'. Original error: Could not find 'apksigner.jar' in [\"/usr/local/android-studio/platform-tools/apksigner.jar\",\"/usr/local/android-studio/emulator/apksigner.jar\",\"/usr/local/android-studio/cmdline-tools/latest/bin/apksigner.jar\",\"/usr/local/android-studio/tools/apksigner.jar\",\"/usr/local/android-studio/tools/bin/apksigner.jar\",\"/usr/local/android-studio/apksigner.jar\"]. Do you have Android Build Tools installed at '/usr/local/android-studio'?"},"sessionId":null}
14:06:11.358 [main] ERROR com.intuit.karate - driver config / start failed: webdriver session create status 500, {"status":13,"value":{"message":"An unknown server-side error occurred while processing the command. Original error: Cannot verify the signature of '/home/yabesh/.npm-packages/lib/node_modules/appium/node_modules/appium-uiautomator2-server/apks/appium-uiautomator2-server-v4.27.0.apk'. Original error: Could not find 'apksigner.jar' in [\"/usr/local/android-studio/platform-tools/apksigner.jar\",\"/usr/local/android-studio/emulator/apksigner.jar\",\"/usr/local/android-studio/cmdline-tools/latest/bin/apksigner.jar\",\"/usr/local/android-studio/tools/apksigner.jar\",\"/usr/local/android-studio/tools/bin/apksigner.jar\",\"/usr/local/android-studio/apksigner.jar\"]. Do you have Android Build Tools installed at '/usr/local/android-studio'?"},"sessionId":null}, options: {type=android, webDriverPath=/wd/hub, start=false, httpConfig={readTimeout=120000}, target=null, webDriverSession={desiredCapabilities={app=/home/yabesh/Downloads/UiDemo.apk, newCommandTimeout=300, platformVersion=9.0, platformName=Android, connectHardwareKeyboard=true, deviceName=emulator-554, avd=Nexus_4_API_22, automationName=UiAutomator2}}}
java.lang.RuntimeException: webdriver session create status 500, {"status":13,"value":{"message":"An unknown server-side error occurred while processing the command. Original error: Cannot verify the signature of '/home/yabesh/.npm-packages/lib/node_modules/appium/node_modules/appium-uiautomator2-server/apks/appium-uiautomator2-server-v4.27.0.apk'. Original error: Could not find 'apksigner.jar' in [\"/usr/local/android-studio/platform-tools/apksigner.jar\",\"/usr/local/android-studio/emulator/apksigner.jar\",\"/usr/local/android-studio/cmdline-tools/latest/bin/apksigner.jar\",\"/usr/local/android-studio/tools/apksigner.jar\",\"/usr/local/android-studio/tools/bin/apksigner.jar\",\"/usr/local/android-studio/apksigner.jar\"]. Do you have Android Build Tools installed at '/usr/local/android-studio'?"},"sessionId":null}
	at com.intuit.karate.driver.WebDriver.<init>(WebDriver.java:67)
	at com.intuit.karate.driver.appium.AppiumDriver.<init>(AppiumDriver.java:51)
	at com.intuit.karate.driver.appium.AndroidDriver.<init>(AndroidDriver.java:15)
	at com.intuit.karate.driver.appium.AndroidDriver.start(AndroidDriver.java:28)
	at com.intuit.karate.driver.DriverOptions.start(DriverOptions.java:316)
	at com.intuit.karate.core.ScenarioEngine.driver(ScenarioEngine.java:865)
	at com.intuit.karate.ScenarioActions.driver(ScenarioActions.java:420)
	at java.base/jdk.internal.reflect.NativeMethodAccessorImpl.invoke0(Native Method)
	at java.base/jdk.internal.reflect.NativeMethodAccessorImpl.invoke(NativeMethodAccessorImpl.java:62)
	at java.base/jdk.internal.reflect.DelegatingMethodAccessorImpl.invoke(DelegatingMethodAccessorImpl.java:43)
	at java.base/java.lang.reflect.Method.invoke(Method.java:567)
	at com.intuit.karate.core.StepRuntime.execute(StepRuntime.java:296)
	at com.intuit.karate.core.ScenarioRuntime.execute(ScenarioRuntime.java:497)
	at com.intuit.karate.core.ScenarioRuntime.run(ScenarioRuntime.java:440)
	at com.intuit.karate.junit5.FeatureNode.lambda$next$1(FeatureNode.java:70)
	at org.junit.jupiter.engine.descriptor.DynamicTestTestDescriptor.lambda$execute$0(DynamicTestTestDescriptor.java:52)
	at org.junit.jupiter.engine.execution.InvocationInterceptorChain$ValidatingInvocation.proceed(InvocationInterceptorChain.java:131)
	at org.junit.jupiter.api.extension.InvocationInterceptor.interceptDynamicTest(InvocationInterceptor.java:161)
	at org.junit.jupiter.engine.descriptor.DynamicTestTestDescriptor.lambda$execute$1(DynamicTestTestDescriptor.java:58)
	at org.junit.jupiter.engine.execution.InvocationInterceptorChain$InterceptorCall.lambda$ofVoid$0(InvocationInterceptorChain.java:78)
	at org.junit.jupiter.engine.execution.InvocationInterceptorChain$InterceptedInvocation.proceed(InvocationInterceptorChain.java:106)
	at org.junit.jupiter.engine.execution.InvocationInterceptorChain.proceed(InvocationInterceptorChain.java:64)
	at org.junit.jupiter.engine.execution.InvocationInterceptorChain.chainAndInvoke(InvocationInterceptorChain.java:45)
	at org.junit.jupiter.engine.execution.InvocationInterceptorChain.invoke(InvocationInterceptorChain.java:37)
	at org.junit.jupiter.engine.descriptor.DynamicTestTestDescriptor.execute(DynamicTestTestDescriptor.java:57)
	at org.junit.jupiter.engine.descriptor.DynamicTestTestDescriptor.execute(DynamicTestTestDescriptor.java:31)
	at org.junit.platform.engine.support.hierarchical.NodeTestTask.lambda$executeRecursively$5(NodeTestTask.java:139)
	at org.junit.platform.engine.support.hierarchical.ThrowableCollector.execute(ThrowableCollector.java:73)
	at org.junit.platform.engine.support.hierarchical.NodeTestTask.lambda$executeRecursively$7(NodeTestTask.java:129)
	at org.junit.platform.engine.support.hierarchical.Node.around(Node.java:137)
	at org.junit.platform.engine.support.hierarchical.NodeTestTask.lambda$executeRecursively$8(NodeTestTask.java:127)
	at org.junit.platform.engine.support.hierarchical.ThrowableCollector.execute(ThrowableCollector.java:73)
	at org.junit.platform.engine.support.hierarchical.NodeTestTask.executeRecursively(NodeTestTask.java:126)
	at org.junit.platform.engine.support.hierarchical.NodeTestTask.execute(NodeTestTask.java:84)
	at org.junit.platform.engine.support.hierarchical.SameThreadHierarchicalTestExecutorService.submit(SameThreadHierarchicalTestExecutorService.java:32)
	at org.junit.platform.engine.support.hierarchical.NodeTestTask$DefaultDynamicTestExecutor.execute(NodeTestTask.java:212)
	at org.junit.platform.engine.support.hierarchical.NodeTestTask$DefaultDynamicTestExecutor.execute(NodeTestTask.java:192)
	at java.base/java.util.stream.ForEachOps$ForEachOp$OfRef.accept(ForEachOps.java:183)
	at java.base/java.util.stream.ReferencePipeline$3$1.accept(ReferencePipeline.java:195)
	at java.base/java.util.stream.ReferencePipeline$2$1.accept(ReferencePipeline.java:177)
	at java.base/java.util.stream.ReferencePipeline$3$1.accept(ReferencePipeline.java:195)
	at java.base/java.util.stream.ReferencePipeline$11$1.accept(ReferencePipeline.java:442)
	at java.base/java.util.Iterator.forEachRemaining(Iterator.java:133)
	at java.base/java.util.Spliterators$IteratorSpliterator.forEachRemaining(Spliterators.java:1801)
	at java.base/java.util.stream.AbstractPipeline.copyInto(AbstractPipeline.java:484)
	at java.base/java.util.stream.AbstractPipeline.wrapAndCopyInto(AbstractPipeline.java:474)
	at java.base/java.util.stream.ForEachOps$ForEachOp.evaluateSequential(ForEachOps.java:150)
	at java.base/java.util.stream.ForEachOps$ForEachOp$OfRef.evaluateSequential(ForEachOps.java:173)
	at java.base/java.util.stream.AbstractPipeline.evaluate(AbstractPipeline.java:234)
	at java.base/java.util.stream.ReferencePipeline.forEachOrdered(ReferencePipeline.java:502)
	at org.junit.jupiter.engine.descriptor.DynamicContainerTestDescriptor.execute(DynamicContainerTestDescriptor.java:65)
	at org.junit.jupiter.engine.descriptor.DynamicContainerTestDescriptor.execute(DynamicContainerTestDescriptor.java:33)
	at org.junit.platform.engine.support.hierarchical.NodeTestTask.lambda$executeRecursively$5(NodeTestTask.java:139)
	at org.junit.platform.engine.support.hierarchical.ThrowableCollector.execute(ThrowableCollector.java:73)
	at org.junit.platform.engine.support.hierarchical.NodeTestTask.lambda$executeRecursively$7(NodeTestTask.java:129)
	at org.junit.platform.engine.support.hierarchical.Node.around(Node.java:137)
	at org.junit.platform.engine.support.hierarchical.NodeTestTask.lambda$executeRecursively$8(NodeTestTask.java:127)
	at org.junit.platform.engine.support.hierarchical.ThrowableCollector.execute(ThrowableCollector.java:73)
	at org.junit.platform.engine.support.hierarchical.NodeTestTask.executeRecursively(NodeTestTask.java:126)
	at org.junit.platform.engine.support.hierarchical.NodeTestTask.execute(NodeTestTask.java:84)
	at org.junit.platform.engine.support.hierarchical.SameThreadHierarchicalTestExecutorService.submit(SameThreadHierarchicalTestExecutorService.java:32)
	at org.junit.platform.engine.support.hierarchical.NodeTestTask$DefaultDynamicTestExecutor.execute(NodeTestTask.java:212)
	at org.junit.platform.engine.support.hierarchical.NodeTestTask$DefaultDynamicTestExecutor.execute(NodeTestTask.java:192)
	at java.base/java.util.Optional.ifPresent(Optional.java:176)
	at org.junit.jupiter.engine.descriptor.TestFactoryTestDescriptor.lambda$invokeTestMethod$1(TestFactoryTestDescriptor.java:106)
	at org.junit.platform.engine.support.hierarchical.ThrowableCollector.execute(ThrowableCollector.java:73)
	at org.junit.jupiter.engine.descriptor.TestFactoryTestDescriptor.invokeTestMethod(TestFactoryTestDescriptor.java:93)
	at org.junit.jupiter.engine.descriptor.TestMethodTestDescriptor.execute(TestMethodTestDescriptor.java:131)
	at org.junit.jupiter.engine.descriptor.TestMethodTestDescriptor.execute(TestMethodTestDescriptor.java:65)
	at org.junit.platform.engine.support.hierarchical.NodeTestTask.lambda$executeRecursively$5(NodeTestTask.java:139)
	at org.junit.platform.engine.support.hierarchical.ThrowableCollector.execute(ThrowableCollector.java:73)
	at org.junit.platform.engine.support.hierarchical.NodeTestTask.lambda$executeRecursively$7(NodeTestTask.java:129)
	at org.junit.platform.engine.support.hierarchical.Node.around(Node.java:137)
	at org.junit.platform.engine.support.hierarchical.NodeTestTask.lambda$executeRecursively$8(NodeTestTask.java:127)
	at org.junit.platform.engine.support.hierarchical.ThrowableCollector.execute(ThrowableCollector.java:73)
	at org.junit.platform.engine.support.hierarchical.NodeTestTask.executeRecursively(NodeTestTask.java:126)
	at org.junit.platform.engine.support.hierarchical.NodeTestTask.execute(NodeTestTask.java:84)
	at java.base/java.util.ArrayList.forEach(ArrayList.java:1507)
	at org.junit.platform.engine.support.hierarchical.SameThreadHierarchicalTestExecutorService.invokeAll(SameThreadHierarchicalTestExecutorService.java:38)
	at org.junit.platform.engine.support.hierarchical.NodeTestTask.lambda$executeRecursively$5(NodeTestTask.java:143)
	at org.junit.platform.engine.support.hierarchical.ThrowableCollector.execute(ThrowableCollector.java:73)
	at org.junit.platform.engine.support.hierarchical.NodeTestTask.lambda$executeRecursively$7(NodeTestTask.java:129)
	at org.junit.platform.engine.support.hierarchical.Node.around(Node.java:137)
	at org.junit.platform.engine.support.hierarchical.NodeTestTask.lambda$executeRecursively$8(NodeTestTask.java:127)
	at org.junit.platform.engine.support.hierarchical.ThrowableCollector.execute(ThrowableCollector.java:73)
	at org.junit.platform.engine.support.hierarchical.NodeTestTask.executeRecursively(NodeTestTask.java:126)
	at org.junit.platform.engine.support.hierarchical.NodeTestTask.execute(NodeTestTask.java:84)
	at java.base/java.util.ArrayList.forEach(ArrayList.java:1507)
	at org.junit.platform.engine.support.hierarchical.SameThreadHierarchicalTestExecutorService.invokeAll(SameThreadHierarchicalTestExecutorService.java:38)
	at org.junit.platform.engine.support.hierarchical.NodeTestTask.lambda$executeRecursively$5(NodeTestTask.java:143)
	at org.junit.platform.engine.support.hierarchical.ThrowableCollector.execute(ThrowableCollector.java:73)
	at org.junit.platform.engine.support.hierarchical.NodeTestTask.lambda$executeRecursively$7(NodeTestTask.java:129)
	at org.junit.platform.engine.support.hierarchical.Node.around(Node.java:137)
	at org.junit.platform.engine.support.hierarchical.NodeTestTask.lambda$executeRecursively$8(NodeTestTask.java:127)
	at org.junit.platform.engine.support.hierarchical.ThrowableCollector.execute(ThrowableCollector.java:73)
	at org.junit.platform.engine.support.hierarchical.NodeTestTask.executeRecursively(NodeTestTask.java:126)
	at org.junit.platform.engine.support.hierarchical.NodeTestTask.execute(NodeTestTask.java:84)
	at org.junit.platform.engine.support.hierarchical.SameThreadHierarchicalTestExecutorService.submit(SameThreadHierarchicalTestExecutorService.java:32)
	at org.junit.platform.engine.support.hierarchical.HierarchicalTestExecutor.execute(HierarchicalTestExecutor.java:57)
	at org.junit.platform.engine.support.hierarchical.HierarchicalTestEngine.execute(HierarchicalTestEngine.java:51)
	at org.junit.platform.launcher.core.DefaultLauncher.execute(DefaultLauncher.java:220)
	at org.junit.platform.launcher.core.DefaultLauncher.lambda$execute$6(DefaultLauncher.java:188)
	at org.junit.platform.launcher.core.DefaultLauncher.withInterceptedStreams(DefaultLauncher.java:202)
	at org.junit.platform.launcher.core.DefaultLauncher.execute(DefaultLauncher.java:181)
	at org.junit.platform.launcher.core.DefaultLauncher.execute(DefaultLauncher.java:128)
	at org.apache.maven.surefire.junitplatform.JUnitPlatformProvider.invokeAllTests(JUnitPlatformProvider.java:150)
	at org.apache.maven.surefire.junitplatform.JUnitPlatformProvider.invoke(JUnitPlatformProvider.java:124)
	at org.apache.maven.surefire.booter.ForkedBooter.invokeProviderInSameClassLoader(ForkedBooter.java:384)
	at org.apache.maven.surefire.booter.ForkedBooter.runSuitesInProcess(ForkedBooter.java:345)
	at org.apache.maven.surefire.booter.ForkedBooter.execute(ForkedBooter.java:126)
	at org.apache.maven.surefire.booter.ForkedBooter.main(ForkedBooter.java:418)
14:06:11.359 [main] ERROR com.intuit.karate - classpath:test/test_features/android/android.feature:28
* driver { webDriverSession: { desiredCapabilities : "#(desiredConfig)"} }
driver config / start failed: webdriver session create status 500, {"status":13,"value":{"message":"An unknown server-side error occurred while processing the command. Original error: Cannot verify the signature of '/home/yabesh/.npm-packages/lib/node_modules/appium/node_modules/appium-uiautomator2-server/apks/appium-uiautomator2-server-v4.27.0.apk'. Original error: Could not find 'apksigner.jar' in [\"/usr/local/android-studio/platform-tools/apksigner.jar\",\"/usr/local/android-studio/emulator/apksigner.jar\",\"/usr/local/android-studio/cmdline-tools/latest/bin/apksigner.jar\",\"/usr/local/android-studio/tools/apksigner.jar\",\"/usr/local/android-studio/tools/bin/apksigner.jar\",\"/usr/local/android-studio/apksigner.jar\"]. Do you have Android Build Tools installed at '/usr/local/android-studio'?"},"sessionId":null}, options: {type=android, webDriverPath=/wd/hub, start=false, httpConfig={readTimeout=120000}, target=null, webDriverSession={desiredCapabilities={app=/home/yabesh/Downloads/UiDemo.apk, newCommandTimeout=300, platformVersion=9.0, platformName=Android, connectHardwareKeyboard=true, deviceName=emulator-554, avd=Nexus_4_API_22, automationName=UiAutomator2}}}
classpath:test/test_features/android/android.feature:28
---------------------------------------------------------
feature: classpath:test/test_features/android/android.feature
scenarios:  1 | passed:  0 | failed:  1 | time: 1.0382
---------------------------------------------------------

]]></system-out>
  </testcase>
</testsuite>